<?xml version="1.0" encoding="UTF-8"?>
<testng-results ignored="0" total="1" passed="1" failed="0" skipped="0">
  <reporter-output>
  </reporter-output>
  <suite started-at="2026-02-13T12:45:58 IST" name="Suite" finished-at="2026-02-13T12:45:58 IST" duration-ms="51">
    <groups>
      <group name="smoke">
        <method signature="Demo1.cars()[pri:0, instance:GitHubPracticeTests.Demo1@38c6f217]" name="cars" class="GitHubPracticeTests.Demo1"/>
      </group> <!-- smoke -->
    </groups>
    <test started-at="2026-02-13T12:45:58 IST" name="Test" finished-at="2026-02-13T12:45:58 IST" duration-ms="51">
      <class name="GitHubPracticeTests.Demo1">
        <test-method signature="cars()[pri:0, instance:GitHubPracticeTests.Demo1@38c6f217]" started-at="2026-02-13T12:45:58 IST" name="cars" finished-at="2026-02-13T12:45:58 IST" duration-ms="18" status="PASS">
          <reporter-output>
          </reporter-output>
        </test-method> <!-- cars -->
      </class> <!-- GitHubPracticeTests.Demo1 -->
    </test> <!-- Test -->
  </suite> <!-- Suite -->
</testng-results>
